TN:
SF:src/index.ts
FNF:0
FNH:0
DA:1,1
DA:2,1
DA:3,1
DA:4,1
DA:5,1
DA:6,1
DA:7,1
DA:8,1
DA:9,1
DA:10,1
DA:11,1
DA:12,1
DA:13,1
DA:14,1
DA:15,1
DA:16,1
DA:17,1
DA:18,1
DA:19,1
DA:20,1
DA:21,1
DA:22,1
DA:23,1
DA:24,1
DA:25,1
DA:26,1
DA:27,1
DA:28,1
DA:29,1
DA:30,1
DA:31,1
DA:32,0
DA:33,0
DA:34,1
DA:35,1
DA:36,1
DA:37,1
DA:38,1
DA:39,1
DA:40,1
DA:41,1
DA:42,1
DA:43,1
DA:44,1
DA:45,1
DA:46,1
DA:47,1
DA:48,1
DA:49,1
LF:49
LH:47
BRDA:37,0,0,0
BRDA:28,1,0,1
BRF:2
BRH:1
end_of_record
TN:
SF:src/controllers/clienteController.ts
FN:14,getClientes
FN:25,getClientesID
FN:35,postClientes
FN:45,patchClientesID
FN:55,deleteClientesID
FNF:5
FNH:5
FNDA:1,getClientes
FNDA:2,getClientesID
FNDA:2,postClientes
FNDA:2,patchClientesID
FNDA:2,deleteClientesID
DA:1,1
DA:2,1
DA:3,1
DA:4,1
DA:5,1
DA:6,1
DA:7,1
DA:8,1
DA:9,1
DA:10,1
DA:11,1
DA:12,1
DA:13,1
DA:14,1
DA:15,1
DA:16,1
DA:17,1
DA:18,1
DA:19,1
DA:20,1
DA:21,0
DA:22,0
DA:23,1
DA:24,1
DA:25,1
DA:26,2
DA:27,2
DA:28,2
DA:29,2
DA:30,2
DA:31,0
DA:32,0
DA:33,2
DA:34,1
DA:35,1
DA:36,2
DA:37,2
DA:38,2
DA:39,1
DA:40,1
DA:41,1
DA:42,1
DA:43,2
DA:44,1
DA:45,1
DA:46,2
DA:47,2
DA:48,2
DA:49,2
DA:50,2
DA:51,0
DA:52,0
DA:53,2
DA:54,1
DA:55,1
DA:56,2
DA:57,2
DA:58,2
DA:59,2
DA:60,2
DA:61,0
DA:62,0
DA:63,2
LF:63
LH:55
BRDA:14,0,0,1
BRDA:19,1,0,0
BRDA:19,2,0,0
BRDA:20,3,0,0
BRDA:17,4,0,10
BRDA:25,5,0,2
BRDA:29,6,0,1
BRDA:29,7,0,1
BRDA:29,8,0,1
BRDA:29,9,0,1
BRDA:30,10,0,0
BRDA:35,11,0,2
BRDA:39,12,0,1
BRDA:45,13,0,2
BRDA:49,14,0,1
BRDA:49,15,0,1
BRDA:49,16,0,1
BRDA:49,17,0,1
BRDA:50,18,0,0
BRDA:55,19,0,2
BRDA:59,20,0,1
BRDA:59,21,0,1
BRDA:59,22,0,1
BRDA:59,23,0,1
BRDA:60,24,0,0
BRF:25
BRH:19
end_of_record
TN:
SF:src/controllers/compraController.ts
FN:21,getCompras
FN:39,getComprasID
FN:55,postCompras
FN:122,deleteComprasID
FNF:4
FNH:4
FNDA:1,getCompras
FNDA:2,getComprasID
FNDA:5,postCompras
FNDA:2,deleteComprasID
DA:1,1
DA:2,1
DA:3,1
DA:4,1
DA:5,1
DA:6,1
DA:7,1
DA:8,1
DA:9,1
DA:10,1
DA:11,1
DA:12,1
DA:13,1
DA:14,1
DA:15,1
DA:16,1
DA:17,1
DA:18,1
DA:19,1
DA:20,1
DA:21,1
DA:22,1
DA:23,1
DA:24,1
DA:25,1
DA:26,1
DA:27,1
DA:28,0
DA:29,0
DA:30,1
DA:31,1
DA:32,1
DA:33,1
DA:34,1
DA:35,1
DA:36,1
DA:37,1
DA:38,1
DA:39,1
DA:40,2
DA:41,2
DA:42,2
DA:43,2
DA:44,2
DA:45,0
DA:46,0
DA:47,2
DA:48,1
DA:49,1
DA:50,1
DA:51,1
DA:52,1
DA:53,1
DA:54,1
DA:55,1
DA:56,5
DA:57,5
DA:58,5
DA:59,5
DA:60,5
DA:61,5
DA:62,1
DA:63,1
DA:64,5
DA:65,5
DA:66,5
DA:67,5
DA:68,5
DA:69,1
DA:70,1
DA:71,4
DA:72,4
DA:73,4
DA:74,5
DA:75,0
DA:76,0
DA:77,4
DA:78,4
DA:79,4
DA:80,4
DA:81,4
DA:82,4
DA:83,4
DA:84,4
DA:85,4
DA:86,4
DA:87,4
DA:88,4
DA:89,4
DA:90,5
DA:91,5
DA:92,4
DA:93,4
DA:94,4
DA:95,4
DA:96,4
DA:97,4
DA:98,4
DA:99,4
DA:100,4
DA:101,4
DA:102,4
DA:103,4
DA:104,2
DA:105,5
DA:106,3
DA:107,3
DA:108,3
DA:109,3
DA:110,4
DA:111,4
DA:112,1
DA:113,1
DA:114,1
DA:115,1
DA:116,1
DA:117,1
DA:118,1
DA:119,1
DA:120,1
DA:121,1
DA:122,1
DA:123,2
DA:124,2
DA:125,2
DA:126,2
DA:127,2
DA:128,1
DA:129,1
DA:130,1
DA:131,1
DA:132,1
DA:133,1
DA:134,1
DA:135,1
DA:136,1
DA:137,2
DA:138,2
DA:139,2
DA:140,0
DA:141,0
DA:142,2
LF:142
LH:134
BRDA:21,0,0,1
BRDA:26,1,0,0
BRDA:26,2,0,0
BRDA:27,3,0,0
BRDA:24,4,0,5
BRDA:39,5,0,2
BRDA:43,6,0,1
BRDA:43,7,0,1
BRDA:43,8,0,1
BRDA:43,9,0,1
BRDA:44,10,0,0
BRDA:55,11,0,5
BRDA:61,12,0,1
BRDA:92,13,0,4
BRDA:104,14,0,2
BRDA:105,15,0,3
BRDA:106,16,0,0
BRDA:110,17,0,4
BRDA:67,18,0,5
BRDA:68,19,0,4
BRDA:68,20,0,4
BRDA:68,21,0,1
BRDA:71,22,0,4
BRDA:74,23,0,0
BRDA:77,24,0,4
BRDA:122,25,0,2
BRDA:127,26,0,1
BRDA:138,27,0,1
BRDA:138,28,0,1
BRDA:138,29,0,1
BRDA:138,30,0,1
BRDA:139,31,0,0
BRDA:129,32,0,1
BRF:33
BRH:26
end_of_record
TN:
SF:src/controllers/fechaController.ts
FN:21,getFechas
FN:38,postFechas
FN:55,deleteFechas
FNF:3
FNH:0
FNDA:0,getFechas
FNDA:0,postFechas
FNDA:0,deleteFechas
DA:1,1
DA:2,1
DA:3,1
DA:4,1
DA:5,1
DA:6,1
DA:7,1
DA:8,1
DA:9,1
DA:10,1
DA:11,1
DA:12,1
DA:13,1
DA:14,1
DA:15,1
DA:16,1
DA:17,1
DA:18,1
DA:19,1
DA:20,1
DA:21,1
DA:22,0
DA:23,0
DA:24,0
DA:25,0
DA:26,0
DA:27,0
DA:28,0
DA:29,0
DA:30,0
DA:31,1
DA:32,1
DA:33,1
DA:34,1
DA:35,1
DA:36,1
DA:37,1
DA:38,1
DA:39,0
DA:40,0
DA:41,0
DA:42,0
DA:43,0
DA:44,0
DA:45,0
DA:46,0
DA:47,1
DA:48,1
DA:49,1
DA:50,1
DA:51,1
DA:52,1
DA:53,1
DA:54,1
DA:55,1
DA:56,0
DA:57,0
DA:58,0
DA:59,0
DA:60,0
DA:61,0
DA:62,0
DA:63,0
DA:64,0
DA:65,0
DA:66,0
DA:67,0
LF:67
LH:38
BRF:0
BRH:0
end_of_record
TN:
SF:src/controllers/productoController.ts
FN:22,getProductos
FN:40,getProductosID
FN:56,postProductos
FN:73,patchProductosID
FN:90,deleteProductosID
FN:107,obtenerProductosMenorStock
FNF:6
FNH:5
FNDA:1,getProductos
FNDA:3,getProductosID
FNDA:3,postProductos
FNDA:2,patchProductosID
FNDA:2,deleteProductosID
FNDA:0,obtenerProductosMenorStock
DA:1,1
DA:2,1
DA:3,1
DA:4,1
DA:5,1
DA:6,1
DA:7,1
DA:8,1
DA:9,1
DA:10,1
DA:11,1
DA:12,1
DA:13,1
DA:14,1
DA:15,1
DA:16,1
DA:17,1
DA:18,1
DA:19,1
DA:20,1
DA:21,1
DA:22,1
DA:23,1
DA:24,1
DA:25,1
DA:26,1
DA:27,1
DA:28,1
DA:29,0
DA:30,0
DA:31,1
DA:32,1
DA:33,1
DA:34,1
DA:35,1
DA:36,1
DA:37,1
DA:38,1
DA:39,1
DA:40,1
DA:41,3
DA:42,3
DA:43,3
DA:44,3
DA:45,3
DA:46,0
DA:47,0
DA:48,3
DA:49,1
DA:50,1
DA:51,1
DA:52,1
DA:53,1
DA:54,1
DA:55,1
DA:56,1
DA:57,3
DA:58,3
DA:59,3
DA:60,2
DA:61,3
DA:62,1
DA:63,1
DA:64,3
DA:65,1
DA:66,1
DA:67,1
DA:68,1
DA:69,1
DA:70,1
DA:71,1
DA:72,1
DA:73,1
DA:74,2
DA:75,2
DA:76,2
DA:77,2
DA:78,2
DA:79,0
DA:80,0
DA:81,2
DA:82,1
DA:83,1
DA:84,1
DA:85,1
DA:86,1
DA:87,1
DA:88,1
DA:89,1
DA:90,1
DA:91,2
DA:92,2
DA:93,2
DA:94,2
DA:95,2
DA:96,0
DA:97,0
DA:98,2
DA:99,1
DA:100,1
DA:101,1
DA:102,1
DA:103,1
DA:104,1
DA:105,1
DA:106,1
DA:107,1
DA:108,0
DA:109,0
DA:110,0
DA:111,0
DA:112,0
DA:113,0
DA:114,0
DA:115,0
DA:116,0
DA:117,0
LF:117
LH:99
BRDA:22,0,0,1
BRDA:27,1,0,0
BRDA:27,2,0,0
BRDA:28,3,0,0
BRDA:25,4,0,7
BRDA:40,5,0,3
BRDA:44,6,0,1
BRDA:44,7,0,2
BRDA:44,8,0,1
BRDA:44,9,0,2
BRDA:45,10,0,0
BRDA:56,11,0,3
BRDA:60,12,0,2
BRDA:61,13,0,1
BRDA:73,14,0,2
BRDA:77,15,0,1
BRDA:77,16,0,1
BRDA:77,17,0,1
BRDA:77,18,0,1
BRDA:78,19,0,0
BRDA:90,20,0,2
BRDA:94,21,0,1
BRDA:94,22,0,1
BRDA:94,23,0,1
BRDA:94,24,0,1
BRDA:95,25,0,0
BRF:26
BRH:20
end_of_record
TN:
SF:src/controllers/proveedorController.ts
FN:20,getProveedores
FN:38,getProveedoresID
FN:54,postProveedores
FN:70,patchProveedoresID
FN:86,deleteProveedoresID
FNF:5
FNH:5
FNDA:1,getProveedores
FNDA:2,getProveedoresID
FNDA:2,postProveedores
FNDA:2,patchProveedoresID
FNDA:2,deleteProveedoresID
DA:1,1
DA:2,1
DA:3,1
DA:4,1
DA:5,1
DA:6,1
DA:7,1
DA:8,1
DA:9,1
DA:10,1
DA:11,1
DA:12,1
DA:13,1
DA:14,1
DA:15,1
DA:16,1
DA:17,1
DA:18,1
DA:19,1
DA:20,1
DA:21,1
DA:22,1
DA:23,1
DA:24,1
DA:25,1
DA:26,1
DA:27,0
DA:28,0
DA:29,1
DA:30,1
DA:31,1
DA:32,1
DA:33,1
DA:34,1
DA:35,1
DA:36,1
DA:37,1
DA:38,1
DA:39,2
DA:40,2
DA:41,2
DA:42,2
DA:43,2
DA:44,0
DA:45,0
DA:46,2
DA:47,1
DA:48,1
DA:49,1
DA:50,1
DA:51,1
DA:52,1
DA:53,1
DA:54,1
DA:55,2
DA:56,2
DA:57,2
DA:58,1
DA:59,1
DA:60,1
DA:61,1
DA:62,2
DA:63,1
DA:64,1
DA:65,1
DA:66,1
DA:67,1
DA:68,1
DA:69,1
DA:70,1
DA:71,2
DA:72,2
DA:73,2
DA:74,2
DA:75,2
DA:76,0
DA:77,0
DA:78,2
DA:79,1
DA:80,1
DA:81,1
DA:82,1
DA:83,1
DA:84,1
DA:85,1
DA:86,1
DA:87,2
DA:88,2
DA:89,2
DA:90,2
DA:91,2
DA:92,0
DA:93,0
DA:94,2
LF:94
LH:86
BRDA:20,0,0,1
BRDA:25,1,0,0
BRDA:25,2,0,0
BRDA:26,3,0,0
BRDA:23,4,0,9
BRDA:38,5,0,2
BRDA:42,6,0,1
BRDA:42,7,0,1
BRDA:42,8,0,1
BRDA:42,9,0,1
BRDA:43,10,0,0
BRDA:54,11,0,2
BRDA:58,12,0,1
BRDA:70,13,0,2
BRDA:74,14,0,1
BRDA:74,15,0,1
BRDA:74,16,0,1
BRDA:74,17,0,1
BRDA:75,18,0,0
BRDA:86,19,0,2
BRDA:90,20,0,1
BRDA:90,21,0,1
BRDA:90,22,0,1
BRDA:90,23,0,1
BRDA:91,24,0,0
BRF:25
BRH:19
end_of_record
TN:
SF:src/controllers/summaryController.ts
FN:22,getSummary
FN:42,obtenerDatosEstadisticas
FNF:2
FNH:0
FNDA:0,getSummary
FNDA:0,obtenerDatosEstadisticas
DA:1,1
DA:2,1
DA:3,1
DA:4,1
DA:5,1
DA:6,1
DA:7,1
DA:8,1
DA:9,1
DA:10,1
DA:11,1
DA:12,1
DA:13,1
DA:14,1
DA:15,1
DA:16,1
DA:17,1
DA:18,1
DA:19,1
DA:20,1
DA:21,1
DA:22,1
DA:23,0
DA:24,0
DA:25,0
DA:26,0
DA:27,0
DA:28,0
DA:29,0
DA:30,0
DA:31,0
DA:32,0
DA:33,0
DA:34,0
DA:35,0
DA:36,0
DA:37,0
DA:38,0
DA:39,0
DA:40,1
DA:41,1
DA:42,1
DA:43,0
DA:44,0
DA:45,0
DA:46,0
DA:47,0
DA:48,0
DA:49,0
DA:50,0
DA:51,0
DA:52,0
DA:53,0
DA:54,0
DA:55,0
DA:56,0
DA:57,0
DA:58,0
DA:59,0
DA:60,0
DA:61,0
DA:62,0
DA:63,0
DA:64,0
DA:65,0
DA:66,0
DA:67,0
DA:68,0
DA:69,0
DA:70,0
LF:70
LH:25
BRF:0
BRH:0
end_of_record
TN:
SF:src/controllers/usuarioController.ts
FN:22,getUsuarioClaves
FN:59,getUsuarios
FN:78,getUsuariosID
FN:95,postUsuarios
FN:125,postUsuariosLogin
FN:159,patchUsuariosID
FN:175,deleteUsuariosID
FNF:7
FNH:5
FNDA:0,getUsuarioClaves
FNDA:1,getUsuarios
FNDA:2,getUsuariosID
FNDA:2,postUsuarios
FNDA:1,postUsuariosLogin
FNDA:0,patchUsuariosID
FNDA:2,deleteUsuariosID
DA:1,1
DA:2,1
DA:3,1
DA:4,1
DA:5,1
DA:6,1
DA:7,1
DA:8,1
DA:9,1
DA:10,1
DA:11,1
DA:12,1
DA:13,1
DA:14,1
DA:15,1
DA:16,1
DA:17,1
DA:18,1
DA:19,1
DA:20,1
DA:21,1
DA:22,1
DA:23,0
DA:24,0
DA:25,0
DA:26,0
DA:27,0
DA:28,0
DA:29,0
DA:30,0
DA:31,0
DA:32,0
DA:33,0
DA:34,0
DA:35,0
DA:36,0
DA:37,0
DA:38,0
DA:39,0
DA:40,0
DA:41,0
DA:42,0
DA:43,0
DA:44,0
DA:45,0
DA:46,0
DA:47,0
DA:48,0
DA:49,0
DA:50,0
DA:51,0
DA:52,1
DA:53,1
DA:54,1
DA:55,1
DA:56,1
DA:57,1
DA:58,1
DA:59,1
DA:60,1
DA:61,1
DA:62,1
DA:63,1
DA:64,1
DA:65,1
DA:66,1
DA:67,0
DA:68,0
DA:69,1
DA:70,1
DA:71,1
DA:72,1
DA:73,1
DA:74,1
DA:75,1
DA:76,1
DA:77,1
DA:78,1
DA:79,2
DA:80,2
DA:81,2
DA:82,2
DA:83,2
DA:84,0
DA:85,0
DA:86,2
DA:87,1
DA:88,1
DA:89,1
DA:90,1
DA:91,1
DA:92,1
DA:93,1
DA:94,1
DA:95,1
DA:96,2
DA:97,2
DA:98,2
DA:99,2
DA:100,2
DA:101,0
DA:102,0
DA:103,2
DA:104,2
DA:105,2
DA:106,2
DA:107,2
DA:108,2
DA:109,2
DA:110,2
DA:111,2
DA:112,2
DA:113,2
DA:114,2
DA:115,2
DA:116,2
DA:117,2
DA:118,2
DA:119,2
DA:120,1
DA:121,1
DA:122,1
DA:123,1
DA:124,2
DA:125,1
DA:126,1
DA:127,1
DA:128,1
DA:129,1
DA:130,1
DA:131,1
DA:132,1
DA:133,1
DA:134,0
DA:135,0
DA:136,1
DA:137,1
DA:138,0
DA:139,0
DA:140,0
DA:141,0
DA:142,0
DA:143,0
DA:144,0
DA:145,0
DA:146,0
DA:147,0
DA:148,0
DA:149,0
DA:150,1
DA:151,1
DA:152,1
DA:153,1
DA:154,1
DA:155,1
DA:156,1
DA:157,1
DA:158,1
DA:159,1
DA:160,0
DA:161,0
DA:162,0
DA:163,0
DA:164,0
DA:165,0
DA:166,0
DA:167,0
DA:168,1
DA:169,1
DA:170,1
DA:171,1
DA:172,1
DA:173,1
DA:174,1
DA:175,1
DA:176,2
DA:177,2
DA:178,2
DA:179,2
DA:180,2
DA:181,0
DA:182,0
DA:183,2
LF:183
LH:124
BRDA:59,0,0,1
BRDA:65,1,0,0
BRDA:65,2,0,0
BRDA:66,3,0,0
BRDA:63,4,0,4
BRDA:78,5,0,2
BRDA:82,6,0,1
BRDA:82,7,0,1
BRDA:82,8,0,1
BRDA:82,9,0,1
BRDA:83,10,0,0
BRDA:95,11,0,2
BRDA:100,12,0,0
BRDA:120,13,0,1
BRDA:125,14,0,1
BRDA:133,15,0,0
BRDA:138,16,0,0
BRDA:175,17,0,2
BRDA:179,18,0,1
BRDA:179,19,0,1
BRDA:179,20,0,1
BRDA:179,21,0,1
BRDA:180,22,0,0
BRF:23
BRH:15
end_of_record
TN:
SF:src/controllers/ventaController.ts
FN:22,getVentas
FN:40,getVentasID
FN:57,postVentas
FN:122,deleteVentasID
FNF:4
FNH:4
FNDA:1,getVentas
FNDA:2,getVentasID
FNDA:4,postVentas
FNDA:2,deleteVentasID
DA:1,1
DA:2,1
DA:3,1
DA:4,1
DA:5,1
DA:6,1
DA:7,1
DA:8,1
DA:9,1
DA:10,1
DA:11,1
DA:12,1
DA:13,1
DA:14,1
DA:15,1
DA:16,1
DA:17,1
DA:18,1
DA:19,1
DA:20,1
DA:21,1
DA:22,1
DA:23,1
DA:24,1
DA:25,1
DA:26,1
DA:27,1
DA:28,1
DA:29,0
DA:30,0
DA:31,1
DA:32,1
DA:33,1
DA:34,1
DA:35,1
DA:36,1
DA:37,1
DA:38,1
DA:39,1
DA:40,1
DA:41,2
DA:42,2
DA:43,2
DA:44,2
DA:45,2
DA:46,0
DA:47,0
DA:48,2
DA:49,1
DA:50,1
DA:51,1
DA:52,1
DA:53,1
DA:54,1
DA:55,1
DA:56,1
DA:57,1
DA:58,4
DA:59,4
DA:60,4
DA:61,4
DA:62,4
DA:63,4
DA:64,1
DA:65,1
DA:66,4
DA:67,4
DA:68,4
DA:69,4
DA:70,4
DA:71,1
DA:72,1
DA:73,3
DA:74,3
DA:75,3
DA:76,4
DA:77,0
DA:78,0
DA:79,3
DA:80,3
DA:81,4
DA:82,0
DA:83,0
DA:84,3
DA:85,3
DA:86,3
DA:87,3
DA:88,3
DA:89,3
DA:90,3
DA:91,3
DA:92,3
DA:93,4
DA:94,4
DA:95,3
DA:96,3
DA:97,3
DA:98,3
DA:99,3
DA:100,3
DA:101,3
DA:102,3
DA:103,3
DA:104,3
DA:105,3
DA:106,3
DA:107,2
DA:108,2
DA:109,2
DA:110,2
DA:111,4
DA:112,4
DA:113,1
DA:114,1
DA:115,1
DA:116,1
DA:117,1
DA:118,1
DA:119,1
DA:120,1
DA:121,1
DA:122,1
DA:123,2
DA:124,2
DA:125,2
DA:126,2
DA:127,2
DA:128,2
DA:129,2
DA:130,1
DA:131,1
DA:132,1
DA:133,1
DA:134,1
DA:135,1
DA:136,1
DA:137,1
DA:138,1
DA:139,2
DA:140,2
DA:141,2
DA:142,0
DA:143,0
DA:144,2
LF:144
LH:134
BRDA:22,0,0,1
BRDA:27,1,0,0
BRDA:27,2,0,0
BRDA:28,3,0,0
BRDA:25,4,0,3
BRDA:40,5,0,2
BRDA:44,6,0,1
BRDA:44,7,0,1
BRDA:44,8,0,1
BRDA:44,9,0,1
BRDA:45,10,0,0
BRDA:57,11,0,4
BRDA:63,12,0,1
BRDA:95,13,0,3
BRDA:107,14,0,2
BRDA:109,15,0,0
BRDA:69,16,0,4
BRDA:70,17,0,3
BRDA:70,18,0,3
BRDA:70,19,0,1
BRDA:73,20,0,3
BRDA:76,21,0,0
BRDA:79,22,0,3
BRDA:81,23,0,0
BRDA:84,24,0,3
BRDA:122,25,0,2
BRDA:129,26,0,1
BRDA:140,27,0,1
BRDA:140,28,0,1
BRDA:140,29,0,1
BRDA:140,30,0,1
BRDA:141,31,0,0
BRDA:131,32,0,1
BRF:33
BRH:25
end_of_record
TN:
SF:src/models/cliente.ts
FN:33,validate
FN:48,validate
FN:63,validate
FN:82,validator
FN:91,message
FNF:5
FNH:4
FNDA:6,validate
FNDA:7,validate
FNDA:5,validate
FNDA:6,validator
FNDA:0,message
DA:1,1
DA:2,1
DA:3,1
DA:4,1
DA:5,1
DA:6,1
DA:7,1
DA:8,1
DA:9,1
DA:10,1
DA:11,1
DA:12,1
DA:13,1
DA:14,1
DA:15,1
DA:16,1
DA:17,1
DA:18,1
DA:19,1
DA:20,1
DA:21,1
DA:22,1
DA:23,1
DA:24,1
DA:25,1
DA:26,1
DA:27,1
DA:28,1
DA:29,1
DA:30,1
DA:31,1
DA:32,1
DA:33,1
DA:34,6
DA:35,0
DA:36,0
DA:37,6
DA:38,0
DA:39,0
DA:40,6
DA:41,0
DA:42,0
DA:43,6
DA:44,1
DA:45,1
DA:46,1
DA:47,1
DA:48,1
DA:49,7
DA:50,0
DA:51,0
DA:52,7
DA:53,0
DA:54,0
DA:55,7
DA:56,0
DA:57,0
DA:58,1
DA:59,1
DA:60,1
DA:61,1
DA:62,1
DA:63,1
DA:64,5
DA:65,0
DA:66,0
DA:67,5
DA:68,0
DA:69,0
DA:70,5
DA:71,0
DA:72,0
DA:73,5
DA:74,0
DA:75,0
DA:76,5
DA:77,1
DA:78,1
DA:79,1
DA:80,1
DA:81,1
DA:82,1
DA:83,6
DA:84,6
DA:85,6
DA:86,6
DA:87,0
DA:88,0
DA:89,0
DA:90,1
DA:91,1
DA:92,1
DA:93,1
DA:94,1
DA:95,1
DA:96,1
DA:97,1
DA:98,1
DA:99,1
DA:100,1
DA:101,1
DA:102,1
DA:103,1
LF:103
LH:80
BRDA:33,0,0,6
BRDA:34,1,0,0
BRDA:37,2,0,0
BRDA:40,3,0,0
BRDA:48,4,0,7
BRDA:49,5,0,0
BRDA:52,6,0,0
BRDA:55,7,0,0
BRDA:63,8,0,5
BRDA:64,9,0,0
BRDA:67,10,0,0
BRDA:70,11,0,0
BRDA:73,12,0,0
BRDA:82,13,0,6
BRDA:87,14,0,0
BRF:15
BRH:4
end_of_record
TN:
SF:src/models/compra.ts
FN:46,validate
FN:58,validate
FN:72,validator
FN:78,message
FN:83,validate
FN:92,validate
FNF:6
FNH:5
FNDA:3,validate
FNDA:3,validate
FNDA:3,validator
FNDA:0,message
FNDA:3,validate
FNDA:3,validate
DA:1,1
DA:2,1
DA:3,1
DA:4,1
DA:5,1
DA:6,1
DA:7,1
DA:8,1
DA:9,1
DA:10,1
DA:11,1
DA:12,1
DA:13,1
DA:14,1
DA:15,1
DA:16,1
DA:17,1
DA:18,1
DA:19,1
DA:20,1
DA:21,1
DA:22,1
DA:23,1
DA:24,1
DA:25,1
DA:26,1
DA:27,1
DA:28,1
DA:29,1
DA:30,1
DA:31,1
DA:32,1
DA:33,1
DA:34,1
DA:35,1
DA:36,1
DA:37,1
DA:38,1
DA:39,1
DA:40,1
DA:41,1
DA:42,1
DA:43,1
DA:44,1
DA:45,1
DA:46,1
DA:47,3
DA:48,0
DA:49,0
DA:50,3
DA:51,0
DA:52,0
DA:53,3
DA:54,1
DA:55,1
DA:56,1
DA:57,1
DA:58,1
DA:59,3
DA:60,0
DA:61,0
DA:62,3
DA:63,0
DA:64,3
DA:65,3
DA:66,1
DA:67,1
DA:68,1
DA:69,1
DA:70,1
DA:71,1
DA:72,1
DA:73,3
DA:74,3
DA:75,3
DA:76,3
DA:77,1
DA:78,1
DA:79,1
DA:80,1
DA:81,1
DA:82,1
DA:83,1
DA:84,3
DA:85,0
DA:86,0
DA:87,3
DA:88,1
DA:89,1
DA:90,1
DA:91,1
DA:92,1
DA:93,3
DA:94,0
DA:95,0
DA:96,3
DA:97,0
DA:98,0
DA:99,3
DA:100,0
DA:101,0
DA:102,3
DA:103,1
DA:104,1
DA:105,1
DA:106,1
DA:107,1
DA:108,1
DA:109,1
DA:110,1
LF:110
LH:95
BRDA:46,0,0,3
BRDA:47,1,0,0
BRDA:50,2,0,0
BRDA:58,3,0,3
BRDA:59,4,0,0
BRDA:62,5,0,0
BRDA:72,6,0,3
BRDA:83,7,0,3
BRDA:84,8,0,0
BRDA:92,9,0,3
BRDA:93,10,0,0
BRDA:96,11,0,0
BRDA:99,12,0,0
BRDA:96,13,0,3
BRDA:99,14,0,3
BRF:15
BRH:7
end_of_record
TN:
SF:src/models/fechas.ts
FNF:0
FNH:0
DA:1,1
DA:2,1
DA:3,1
DA:4,1
DA:5,1
DA:6,1
DA:7,1
DA:8,1
DA:9,1
DA:10,1
DA:11,1
DA:12,1
DA:13,1
DA:14,1
DA:15,1
DA:16,1
DA:17,1
DA:18,1
DA:19,1
DA:20,1
DA:21,1
DA:22,1
DA:23,1
DA:24,1
DA:25,1
DA:26,1
DA:27,1
DA:28,1
DA:29,1
DA:30,1
DA:31,1
DA:32,1
DA:33,1
DA:34,1
DA:35,1
DA:36,1
DA:37,1
LF:37
LH:37
BRF:0
BRH:0
end_of_record
TN:
SF:src/models/producto.ts
FN:30,validate
FN:39,validate
FN:48,validate
FN:57,validate
FNF:4
FNH:4
FNDA:17,validate
FNDA:17,validate
FNDA:16,validate
FNDA:16,validate
DA:1,1
DA:2,1
DA:3,1
DA:4,1
DA:5,1
DA:6,1
DA:7,1
DA:8,1
DA:9,1
DA:10,1
DA:11,1
DA:12,1
DA:13,1
DA:14,1
DA:15,1
DA:16,1
DA:17,1
DA:18,1
DA:19,1
DA:20,1
DA:21,1
DA:22,1
DA:23,1
DA:24,1
DA:25,1
DA:26,1
DA:27,1
DA:28,1
DA:29,1
DA:30,1
DA:31,17
DA:32,0
DA:33,0
DA:34,17
DA:35,1
DA:36,1
DA:37,1
DA:38,1
DA:39,1
DA:40,17
DA:41,0
DA:42,0
DA:43,1
DA:44,1
DA:45,1
DA:46,1
DA:47,1
DA:48,1
DA:49,16
DA:50,0
DA:51,0
DA:52,16
DA:53,1
DA:54,1
DA:55,1
DA:56,1
DA:57,1
DA:58,16
DA:59,0
DA:60,0
DA:61,16
DA:62,1
DA:63,1
DA:64,1
DA:65,1
DA:66,1
DA:67,1
DA:68,1
LF:68
LH:60
BRDA:30,0,0,17
BRDA:31,1,0,0
BRDA:39,2,0,17
BRDA:40,3,0,0
BRDA:48,4,0,16
BRDA:49,5,0,0
BRDA:57,6,0,16
BRDA:58,7,0,0
BRF:8
BRH:4
end_of_record
TN:
SF:src/models/proveedor.ts
FN:31,validate
FN:43,validate
FN:58,validate
FN:78,validator
FN:87,message
FNF:5
FNH:4
FNDA:5,validate
FNDA:7,validate
FNDA:6,validate
FNDA:5,validator
FNDA:0,message
DA:1,1
DA:2,1
DA:3,1
DA:4,1
DA:5,1
DA:6,1
DA:7,1
DA:8,1
DA:9,1
DA:10,1
DA:11,1
DA:12,1
DA:13,1
DA:14,1
DA:15,1
DA:16,1
DA:17,1
DA:18,1
DA:19,1
DA:20,1
DA:21,1
DA:22,1
DA:23,1
DA:24,1
DA:25,1
DA:26,1
DA:27,1
DA:28,1
DA:29,1
DA:30,1
DA:31,1
DA:32,5
DA:33,0
DA:34,0
DA:35,5
DA:36,0
DA:37,0
DA:38,5
DA:39,1
DA:40,1
DA:41,1
DA:42,1
DA:43,1
DA:44,7
DA:45,0
DA:46,0
DA:47,7
DA:48,0
DA:49,0
DA:50,7
DA:51,0
DA:52,0
DA:53,1
DA:54,1
DA:55,1
DA:56,1
DA:57,1
DA:58,1
DA:59,6
DA:60,0
DA:61,0
DA:62,6
DA:63,0
DA:64,0
DA:65,6
DA:66,0
DA:67,0
DA:68,6
DA:69,0
DA:70,0
DA:71,6
DA:72,1
DA:73,1
DA:74,1
DA:75,1
DA:76,1
DA:77,1
DA:78,1
DA:79,5
DA:80,5
DA:81,0
DA:82,0
DA:83,5
DA:84,5
DA:85,5
DA:86,1
DA:87,1
DA:88,1
DA:89,1
DA:90,1
DA:91,1
DA:92,1
DA:93,1
DA:94,1
DA:95,1
LF:95
LH:75
BRDA:31,0,0,5
BRDA:32,1,0,0
BRDA:35,2,0,0
BRDA:43,3,0,7
BRDA:44,4,0,0
BRDA:47,5,0,0
BRDA:50,6,0,0
BRDA:58,7,0,6
BRDA:59,8,0,0
BRDA:62,9,0,0
BRDA:65,10,0,0
BRDA:68,11,0,0
BRDA:78,12,0,5
BRDA:80,13,0,0
BRF:14
BRH:4
end_of_record
TN:
SF:src/models/usuario.ts
FN:31,validate
FN:46,validate
FN:61,validate
FN:80,validate
FN:93,validate
FNF:5
FNH:5
FNDA:5,validate
FNDA:4,validate
FNDA:5,validate
FNDA:5,validate
FNDA:4,validate
DA:1,1
DA:2,1
DA:3,1
DA:4,1
DA:5,1
DA:6,1
DA:7,1
DA:8,1
DA:9,1
DA:10,1
DA:11,1
DA:12,1
DA:13,1
DA:14,1
DA:15,1
DA:16,1
DA:17,1
DA:18,1
DA:19,1
DA:20,1
DA:21,1
DA:22,1
DA:23,1
DA:24,1
DA:25,1
DA:26,1
DA:27,1
DA:28,1
DA:29,1
DA:30,1
DA:31,1
DA:32,5
DA:33,0
DA:34,0
DA:35,5
DA:36,0
DA:37,0
DA:38,5
DA:39,0
DA:40,0
DA:41,5
DA:42,1
DA:43,1
DA:44,1
DA:45,1
DA:46,1
DA:47,4
DA:48,0
DA:49,0
DA:50,4
DA:51,0
DA:52,0
DA:53,4
DA:54,0
DA:55,0
DA:56,1
DA:57,1
DA:58,1
DA:59,1
DA:60,1
DA:61,1
DA:62,5
DA:63,0
DA:64,0
DA:65,5
DA:66,0
DA:67,0
DA:68,5
DA:69,0
DA:70,0
DA:71,5
DA:72,0
DA:73,0
DA:74,5
DA:75,1
DA:76,1
DA:77,1
DA:78,1
DA:79,1
DA:80,1
DA:81,5
DA:82,0
DA:83,0
DA:84,5
DA:85,0
DA:86,0
DA:87,5
DA:88,1
DA:89,1
DA:90,1
DA:91,1
DA:92,1
DA:93,1
DA:94,4
DA:95,0
DA:96,0
DA:97,4
DA:98,1
DA:99,1
DA:100,1
DA:101,1
DA:102,1
DA:103,1
DA:104,1
LF:104
LH:78
BRDA:31,0,0,5
BRDA:32,1,0,0
BRDA:35,2,0,0
BRDA:38,3,0,0
BRDA:46,4,0,4
BRDA:47,5,0,0
BRDA:50,6,0,0
BRDA:53,7,0,0
BRDA:61,8,0,5
BRDA:62,9,0,0
BRDA:65,10,0,0
BRDA:68,11,0,0
BRDA:71,12,0,0
BRDA:80,13,0,5
BRDA:81,14,0,0
BRDA:84,15,0,0
BRDA:93,16,0,4
BRDA:94,17,0,0
BRF:18
BRH:5
end_of_record
TN:
SF:src/models/venta.ts
FN:46,validate
FN:58,validate
FN:72,validator
FN:78,message
FN:83,validate
FNF:5
FNH:4
FNDA:2,validate
FNDA:2,validate
FNDA:2,validator
FNDA:0,message
FNDA:2,validate
DA:1,1
DA:2,1
DA:3,1
DA:4,1
DA:5,1
DA:6,1
DA:7,1
DA:8,1
DA:9,1
DA:10,1
DA:11,1
DA:12,1
DA:13,1
DA:14,1
DA:15,1
DA:16,1
DA:17,1
DA:18,1
DA:19,1
DA:20,1
DA:21,1
DA:22,1
DA:23,1
DA:24,1
DA:25,1
DA:26,1
DA:27,1
DA:28,1
DA:29,1
DA:30,1
DA:31,1
DA:32,1
DA:33,1
DA:34,1
DA:35,1
DA:36,1
DA:37,1
DA:38,1
DA:39,1
DA:40,1
DA:41,1
DA:42,1
DA:43,1
DA:44,1
DA:45,1
DA:46,1
DA:47,2
DA:48,0
DA:49,0
DA:50,2
DA:51,0
DA:52,0
DA:53,2
DA:54,1
DA:55,1
DA:56,1
DA:57,1
DA:58,1
DA:59,2
DA:60,0
DA:61,0
DA:62,2
DA:63,0
DA:64,2
DA:65,2
DA:66,1
DA:67,1
DA:68,1
DA:69,1
DA:70,1
DA:71,1
DA:72,1
DA:73,2
DA:74,2
DA:75,2
DA:76,2
DA:77,1
DA:78,1
DA:79,1
DA:80,1
DA:81,1
DA:82,1
DA:83,1
DA:84,2
DA:85,0
DA:86,0
DA:87,2
DA:88,1
DA:89,1
DA:90,1
DA:91,1
DA:92,1
DA:93,1
DA:94,1
DA:95,1
DA:96,1
LF:96
LH:87
BRDA:46,0,0,2
BRDA:47,1,0,0
BRDA:50,2,0,0
BRDA:58,3,0,2
BRDA:59,4,0,0
BRDA:62,5,0,0
BRDA:72,6,0,2
BRDA:83,7,0,2
BRDA:84,8,0,0
BRF:9
BRH:4
end_of_record
TN:
SF:src/routes/cliente.ts
FNF:0
FNH:0
DA:1,1
DA:2,1
DA:3,1
DA:4,1
DA:5,1
DA:6,1
DA:7,1
DA:8,1
DA:9,1
DA:10,1
DA:11,1
DA:12,1
DA:13,1
DA:14,1
DA:15,1
DA:16,1
DA:17,1
DA:18,1
DA:19,1
DA:20,1
DA:21,1
DA:22,1
DA:23,1
DA:24,1
DA:25,1
LF:25
LH:25
BRF:0
BRH:0
end_of_record
TN:
SF:src/routes/compra.ts
FNF:0
FNH:0
DA:1,1
DA:2,1
DA:3,1
DA:4,1
DA:5,1
DA:6,1
DA:7,1
DA:8,1
DA:9,1
DA:10,1
DA:11,1
DA:12,1
DA:13,1
DA:14,1
DA:15,1
DA:16,1
DA:17,1
DA:18,1
DA:19,1
DA:20,1
DA:21,1
LF:21
LH:21
BRF:0
BRH:0
end_of_record
TN:
SF:src/routes/fecha.ts
FNF:0
FNH:0
DA:1,1
DA:2,1
DA:3,1
DA:4,1
DA:5,1
DA:6,1
DA:7,1
DA:8,1
DA:9,1
DA:10,1
DA:11,1
DA:12,1
DA:13,1
DA:14,1
DA:15,1
DA:16,1
DA:17,1
DA:18,1
DA:19,1
DA:20,1
DA:21,1
LF:21
LH:21
BRF:0
BRH:0
end_of_record
TN:
SF:src/routes/producto.ts
FNF:0
FNH:0
DA:1,1
DA:2,1
DA:3,1
DA:4,1
DA:5,1
DA:6,1
DA:7,1
DA:8,1
DA:9,1
DA:10,1
DA:11,1
DA:12,1
DA:13,1
DA:14,1
DA:15,1
DA:16,1
DA:17,1
DA:18,1
DA:19,1
DA:20,1
DA:21,1
DA:22,1
DA:23,1
DA:24,1
DA:25,1
LF:25
LH:25
BRF:0
BRH:0
end_of_record
TN:
SF:src/routes/proveedor.ts
FNF:0
FNH:0
DA:1,1
DA:2,1
DA:3,1
DA:4,1
DA:5,1
DA:6,1
DA:7,1
DA:8,1
DA:9,1
DA:10,1
DA:11,1
DA:12,1
DA:13,1
DA:14,1
DA:15,1
DA:16,1
DA:17,1
DA:18,1
DA:19,1
DA:20,1
DA:21,1
DA:22,1
DA:23,1
DA:24,1
LF:24
LH:24
BRF:0
BRH:0
end_of_record
TN:
SF:src/routes/summary.ts
FNF:0
FNH:0
DA:1,1
DA:2,1
DA:3,1
DA:4,1
DA:5,1
DA:6,1
DA:7,1
DA:8,1
DA:9,1
DA:10,1
DA:11,1
DA:12,1
DA:13,1
DA:14,1
DA:15,1
DA:16,1
DA:17,1
LF:17
LH:17
BRF:0
BRH:0
end_of_record
TN:
SF:src/routes/usuario.ts
FNF:0
FNH:0
DA:1,1
DA:2,1
DA:3,1
DA:4,1
DA:5,1
DA:6,1
DA:7,1
DA:8,1
DA:9,1
DA:10,1
DA:11,1
DA:12,1
DA:13,1
DA:14,1
DA:15,1
DA:16,1
DA:17,1
DA:18,1
DA:19,1
DA:20,1
DA:21,1
DA:22,1
DA:23,1
DA:24,1
DA:25,1
DA:26,1
DA:27,1
DA:28,1
DA:29,1
LF:29
LH:29
BRF:0
BRH:0
end_of_record
TN:
SF:src/routes/ventas.ts
FNF:0
FNH:0
DA:1,1
DA:2,1
DA:3,1
DA:4,1
DA:5,1
DA:6,1
DA:7,1
DA:8,1
DA:9,1
DA:10,1
DA:11,1
DA:12,1
DA:13,1
DA:14,1
DA:15,1
DA:16,1
DA:17,1
DA:18,1
DA:19,1
DA:20,1
DA:21,1
DA:22,1
LF:22
LH:22
BRF:0
BRH:0
end_of_record
TN:
SF:src/utils/hash.ts
FN:8,hashPassword
FN:20,comparePassword
FNF:2
FNH:2
FNDA:2,hashPassword
FNDA:1,comparePassword
DA:1,1
DA:2,1
DA:3,1
DA:4,1
DA:5,1
DA:6,1
DA:7,1
DA:8,1
DA:9,2
DA:10,2
DA:11,2
DA:12,2
DA:13,1
DA:14,1
DA:15,1
DA:16,1
DA:17,1
DA:18,1
DA:19,1
DA:20,1
DA:21,1
DA:22,1
LF:22
LH:22
BRDA:8,0,0,2
BRDA:20,1,0,1
BRF:2
BRH:2
end_of_record
